  Assemble.cpp
Assemble.cpp(66): warning C4267: “初始化”: 从“size_t”转换到“int”，可能丢失数据
Assemble.cpp(97): warning C4267: “=”: 从“size_t”转换到“int”，可能丢失数据
Assemble.cpp(98): warning C4267: “=”: 从“size_t”转换到“int”，可能丢失数据
Assemble.cpp(105): warning C4267: “初始化”: 从“size_t”转换到“int”，可能丢失数据
Assemble.cpp(106): warning C4267: “=”: 从“size_t”转换到“int”，可能丢失数据
Assemble.cpp(107): warning C4267: “=”: 从“size_t”转换到“int”，可能丢失数据
Assemble.cpp(113): warning C4267: “=”: 从“size_t”转换到“int”，可能丢失数据
Assemble.cpp(121): warning C4267: “初始化”: 从“size_t”转换到“int”，可能丢失数据
Assemble.cpp(105): warning C4189: “N”: 局部变量已初始化但不引用
Assemble.cpp(173): warning C4267: “=”: 从“size_t”转换到“int”，可能丢失数据
Assemble.cpp(174): warning C4267: “=”: 从“size_t”转换到“int”，可能丢失数据
Assemble.cpp(177): warning C4267: “=”: 从“size_t”转换到“int”，可能丢失数据
Assemble.cpp(178): warning C4267: “=”: 从“size_t”转换到“int”，可能丢失数据
Assemble.cpp(191): warning C4267: “=”: 从“size_t”转换到“int”，可能丢失数据
Assemble.cpp(223): warning C4267: “初始化”: 从“size_t”转换到“int”，可能丢失数据
Assemble.cpp(224): warning C4267: “=”: 从“size_t”转换到“int”，可能丢失数据
Assemble.cpp(225): warning C4267: “=”: 从“size_t”转换到“int”，可能丢失数据
Assemble.cpp(228): warning C4267: “=”: 从“size_t”转换到“int”，可能丢失数据
Assemble.cpp(229): warning C4267: “=”: 从“size_t”转换到“int”，可能丢失数据
Assemble.cpp(234): warning C4267: “=”: 从“size_t”转换到“int”，可能丢失数据
Assemble.cpp(223): warning C4189: “N”: 局部变量已初始化但不引用
Assemble.cpp(242): warning C4267: “初始化”: 从“size_t”转换到“int”，可能丢失数据
Assemble.cpp(251): warning C4267: “=”: 从“size_t”转换到“int”，可能丢失数据
Assemble.cpp(253): warning C4267: “=”: 从“size_t”转换到“int”，可能丢失数据
Assemble.cpp(257): warning C4267: “=”: 从“size_t”转换到“int”，可能丢失数据
Assemble.cpp(259): warning C4267: “=”: 从“size_t”转换到“int”，可能丢失数据
Assemble.cpp(242): warning C4189: “N”: 局部变量已初始化但不引用
Assemble.cpp(291): warning C4267: “初始化”: 从“size_t”转换到“int”，可能丢失数据
Assemble.cpp(293): warning C4267: “=”: 从“size_t”转换到“int”，可能丢失数据
Assemble.cpp(295): warning C4267: “=”: 从“size_t”转换到“int”，可能丢失数据
Assemble.cpp(300): warning C4267: “=”: 从“size_t”转换到“int”，可能丢失数据
Assemble.cpp(302): warning C4267: “=”: 从“size_t”转换到“int”，可能丢失数据
Assemble.cpp(304): warning C4267: “=”: 从“size_t”转换到“int”，可能丢失数据
Assemble.cpp(291): warning C4189: “N”: 局部变量已初始化但不引用
Assemble.cpp(313): warning C4267: “初始化”: 从“size_t”转换到“int”，可能丢失数据
Assemble.cpp(314): warning C4267: “初始化”: 从“size_t”转换到“int”，可能丢失数据
Assemble.cpp(348): warning C4267: “初始化”: 从“size_t”转换到“int”，可能丢失数据
Assemble.cpp(351): warning C4267: “=”: 从“size_t”转换到“int”，可能丢失数据
Assemble.cpp(393): warning C4267: “初始化”: 从“size_t”转换到“int”，可能丢失数据
Assemble.cpp(396): warning C4267: “=”: 从“size_t”转换到“int”，可能丢失数据
Assemble.cpp(410): warning C4267: “=”: 从“size_t”转换到“int”，可能丢失数据
Assemble.cpp(421): warning C4267: “=”: 从“size_t”转换到“int”，可能丢失数据
Assemble.cpp(427): warning C4267: “=”: 从“size_t”转换到“int”，可能丢失数据
Assemble.cpp(440): warning C4267: “=”: 从“size_t”转换到“int”，可能丢失数据
Assemble.cpp(443): warning C4267: “=”: 从“size_t”转换到“int”，可能丢失数据
Assemble.cpp(449): warning C4102: “L1”: 未引用的标签
Assemble.cpp(349): warning C4189: “i”: 局部变量已初始化但不引用
Assemble.cpp(548): warning C4267: “初始化”: 从“size_t”转换到“int”，可能丢失数据
Assemble.cpp(570): warning C4267: “=”: 从“size_t”转换到“int”，可能丢失数据
Assemble.cpp(579): warning C4267: “=”: 从“size_t”转换到“int”，可能丢失数据
Assemble.cpp(580): warning C4267: “=”: 从“size_t”转换到“int”，可能丢失数据
Assemble.cpp(582): warning C4267: “=”: 从“size_t”转换到“int”，可能丢失数据
Assemble.cpp(584): warning C4267: “=”: 从“size_t”转换到“int”，可能丢失数据
Assemble.cpp(586): warning C4267: “=”: 从“size_t”转换到“int”，可能丢失数据
Assemble.cpp(590): warning C4267: “=”: 从“size_t”转换到“int”，可能丢失数据
Assemble.cpp(597): warning C4267: “=”: 从“size_t”转换到“int”，可能丢失数据
Assemble.cpp(606): warning C4267: “=”: 从“size_t”转换到“int”，可能丢失数据
Assemble.cpp(608): warning C4267: “=”: 从“size_t”转换到“int”，可能丢失数据
Assemble.cpp(613): warning C4267: “=”: 从“size_t”转换到“int”，可能丢失数据
Assemble.cpp(617): warning C4267: “=”: 从“size_t”转换到“int”，可能丢失数据
Assemble.cpp(596): warning C4101: “n”: 未引用的局部变量
Assemble.cpp(626): warning C4267: “=”: 从“size_t”转换到“int”，可能丢失数据
Assemble.cpp(635): warning C4267: “=”: 从“size_t”转换到“int”，可能丢失数据
Assemble.cpp(636): warning C4267: “=”: 从“size_t”转换到“int”，可能丢失数据
Assemble.cpp(641): warning C4267: “=”: 从“size_t”转换到“int”，可能丢失数据
Assemble.cpp(654): warning C4267: “=”: 从“size_t”转换到“int”，可能丢失数据
  MIPS.vcxproj -> D:\QT\MIPS\release\MIPS.exe
